<?xml version="1.0" encoding="UTF-8"?>
<robot generator="Robot 3.2.2 (Python 3.7.1 on win32)" generated="20220923 22:35:57.046" rpa="false">
<suite id="s1" name="TestCases" source="C:\Users\k.mennat_extern\eclipse\LAP-eclipse\workspace\LAP-IRIS-TA\TestCases">
<suite id="s1-s1" name="TC-002-Menue" source="C:\Users\k.mennat_extern\eclipse\LAP-eclipse\workspace\LAP-IRIS-TA\TestCases\TC-002-Menue.robot">
<test id="s1-s1-t1" name="TC-002-menue">
<kw name="Open My Browser" library="Keywords">
<arguments>
<arg>${URL}</arg>
<arg>${Browser_chrome}</arg>
</arguments>
<kw name="Open Browser" library="SeleniumLibrary">
<doc>Opens a new browser instance to the optional ``url``.</doc>
<arguments>
<arg>${Url}</arg>
<arg>${Browser}</arg>
</arguments>
<msg timestamp="20220923 22:35:57.213" level="INFO">Opening browser 'chrome' to base url 'https://nb-0447:444/'.</msg>
<status status="PASS" starttime="20220923 22:35:57.213" endtime="20220923 22:35:58.852"></status>
</kw>
<kw name="Maximize Browser Window" library="SeleniumLibrary">
<doc>Maximizes current browser window.</doc>
<status status="PASS" starttime="20220923 22:35:58.853" endtime="20220923 22:35:59.019"></status>
</kw>
<status status="PASS" starttime="20220923 22:35:57.212" endtime="20220923 22:35:59.020"></status>
</kw>
<kw name="Login central server" library="Keywords">
<arguments>
<arg>${username}</arg>
<arg>${password}</arg>
</arguments>
<kw name="Input Text" library="SeleniumLibrary">
<doc>Types the given ``text`` into the text field identified by ``locator``.</doc>
<arguments>
<arg>${txt_loginUserName}</arg>
<arg>${username}</arg>
</arguments>
<msg timestamp="20220923 22:35:59.023" level="INFO">Typing text 'j.doe' into text field 'id:mat-input-0'.</msg>
<status status="PASS" starttime="20220923 22:35:59.023" endtime="20220923 22:35:59.150"></status>
</kw>
<kw name="Input Text" library="SeleniumLibrary">
<doc>Types the given ``text`` into the text field identified by ``locator``.</doc>
<arguments>
<arg>${txt_loginPassword}</arg>
<arg>${password}</arg>
</arguments>
<msg timestamp="20220923 22:35:59.151" level="INFO">Typing text 'Password1#' into text field 'id:mat-input-1'.</msg>
<status status="PASS" starttime="20220923 22:35:59.150" endtime="20220923 22:35:59.269"></status>
</kw>
<kw name="Click Element" library="SeleniumLibrary">
<doc>Click the element identified by ``locator``.</doc>
<arguments>
<arg>${btn_signIn}</arg>
</arguments>
<msg timestamp="20220923 22:35:59.269" level="INFO">Clicking element 'class:mat-button-wrapper'.</msg>
<status status="PASS" starttime="20220923 22:35:59.269" endtime="20220923 22:35:59.341"></status>
</kw>
<kw name="Title Should Be" library="SeleniumLibrary">
<doc>Verifies that the current page title equals ``title``.</doc>
<arguments>
<arg>CentralServer</arg>
</arguments>
<msg timestamp="20220923 22:35:59.347" level="INFO">Page title is 'CentralServer'.</msg>
<status status="PASS" starttime="20220923 22:35:59.341" endtime="20220923 22:35:59.348"></status>
</kw>
<kw name="Element Should Be Visible" library="SeleniumLibrary">
<doc>Verifies that the element identified by ``locator`` is visible.</doc>
<arguments>
<arg>${pruefen}</arg>
<arg>timeout=30</arg>
</arguments>
<msg timestamp="20220923 22:35:59.379" level="INFO">Element 'id:mat-input-1' is displayed.</msg>
<status status="PASS" starttime="20220923 22:35:59.349" endtime="20220923 22:35:59.379"></status>
</kw>
<kw name="Sleep" library="BuiltIn">
<doc>Pauses the test executed for the given time.</doc>
<arguments>
<arg>30</arg>
</arguments>
<msg timestamp="20220923 22:36:29.394" level="INFO">Slept 30 seconds</msg>
<status status="PASS" starttime="20220923 22:35:59.379" endtime="20220923 22:36:29.394"></status>
</kw>
<kw name="Close Browser" library="SeleniumLibrary">
<doc>Closes the current browser.</doc>
<status status="PASS" starttime="20220923 22:36:29.395" endtime="20220923 22:36:32.612"></status>
</kw>
<status status="PASS" starttime="20220923 22:35:59.022" endtime="20220923 22:36:32.613"></status>
</kw>
<kw name="Sleep" library="BuiltIn">
<doc>Pauses the test executed for the given time.</doc>
<arguments>
<arg>5</arg>
</arguments>
<msg timestamp="20220923 22:36:37.619" level="INFO">Slept 5 seconds</msg>
<status status="PASS" starttime="20220923 22:36:32.614" endtime="20220923 22:36:37.619"></status>
</kw>
<doc>First Test for LAP in IRIS Project</doc>
<tags>
<tag>Login</tag>
</tags>
<status status="PASS" starttime="20220923 22:35:57.212" endtime="20220923 22:36:37.619" critical="yes"></status>
</test>
<status status="PASS" starttime="20220923 22:35:57.065" endtime="20220923 22:36:37.621"></status>
</suite>
<status status="PASS" starttime="20220923 22:35:57.051" endtime="20220923 22:36:37.626"></status>
</suite>
<statistics>
<total>
<stat pass="1" fail="0">Critical Tests</stat>
<stat pass="1" fail="0">All Tests</stat>
</total>
<tag>
<stat pass="1" fail="0">Login</stat>
</tag>
<suite>
<stat pass="1" fail="0" id="s1" name="TestCases">TestCases</stat>
<stat pass="1" fail="0" id="s1-s1" name="TC-002-Menue">TestCases.TC-002-Menue</stat>
</suite>
</statistics>
<errors>
</errors>
</robot>
